[2024:12:11:21:07:31]: Info: Sunshine version: v0.23.1
[2024:12:11:21:07:31]: Info: nvprefs: No need to modify application profile settings
[2024:12:11:21:07:31]: Info: nvprefs: Changed OGL_CPL_PREFER_DXPRESENT to OGL_CPL_PREFER_DXPRESENT_PREFER_ENABLED for base profile
[2024:12:11:21:07:31]: Warning: Couldn't find app image at path [desktop.png]
[2024:12:11:21:07:31]: Warning: Couldn't find app image at path [steam.png]
[2024:12:11:21:07:31]: Info: Compiling shaders...
[2024:12:11:21:07:31]: Error: Couldn't compile [assets/shaders/directx/convert_yuv420_packed_uv_type0_ps.hlsl] [0x80070003]
[2024:12:11:21:07:31]: Error: Platform failed to initialize
[2024:12:11:21:07:31]: Info: // Testing for available encoders, this may generate errors. You can safely ignore those errors. //
[2024:12:11:21:07:31]: Info: Trying encoder [nvenc]
[2024:12:11:21:07:31]: Error: Failed to start ddprobe.exe:  CreateProcess failed: Системе не удается найти указанный путь
[2024:12:11:21:07:31]: Warning: Failed to set GPU preference. Capture may not work!
[2024:12:11:21:07:31]: Info: System tray created
[2024:12:11:21:07:32]: Info: 
Device Description : NVIDIA GeForce GTX 1660 SUPER
Device Vendor ID   : 0x000010DE
Device Device ID   : 0x000021C4
Device Video Mem   : 5966 MiB
Device Sys Mem     : 0 MiB
Share Sys Mem      : 8154 MiB
Feature Level      : 0x0000B100
Capture size       : 1920x1080
Offset             : 1920x21
Virtual Desktop    : 3840x1101
[2024:12:11:21:07:32]: Info: Active GPU has HAGS disabled
[2024:12:11:21:07:32]: Info: Using realtime GPU priority
[2024:12:11:21:07:32]: Info: Desktop resolution [1920x1080]
[2024:12:11:21:07:32]: Info: Desktop format [DXGI_FORMAT_B8G8R8A8_UNORM]
[2024:12:11:21:07:32]: Info: Display refresh rate [75.003Hz]
[2024:12:11:21:07:32]: Info: Requested frame rate [60fps]
[2024:12:11:21:07:32]: Info: 
Colorspace         : DXGI_COLOR_SPACE_RGB_FULL_G22_NONE_P709
Bits Per Color     : 8
Red Primary        : [0.657227,0.325195]
Green Primary      : [0.280273,0.668945]
Blue Primary       : [0.131836,0.0205078]
White Point        : [0.3125,0.328125]
Min Luminance      : 0 nits
Max Luminance      : 400 nits
Max Full Luminance : 276.794 nits
